Tue Jan 14 2025 16:0:32 [TRAD-COUPLES-MATCHING] info: [32m🚀 Database connected successfully[39m
Tue Jan 14 2025 16:0:32 [TRAD-COUPLES-MATCHING] info: [33m♻️  Application listening on port:5000[39m
Tue Jan 14 2025 16:0:32 [TRAD-COUPLES-MATCHING] info: 🎀 Package Already created successfully
Tue Jan 14 2025 16:0:32 [TRAD-COUPLES-MATCHING] info: [34mA user connected[39m
Tue Jan 14 2025 16:0:32 [TRAD-COUPLES-MATCHING] info: [34mA user connected[39m
Tue Jan 14 2025 16:0:32 [TRAD-COUPLES-MATCHING] info: [34mA user connected[39m
Tue Jan 14 2025 16:0:32 [TRAD-COUPLES-MATCHING] info: [34mA user connected[39m
Tue Jan 14 2025 16:0:32 [TRAD-COUPLES-MATCHING] info: [34mA user connected[39m
Tue Jan 14 2025 16:0:32 [TRAD-COUPLES-MATCHING] info: [34mA user connected[39m
Tue Jan 14 2025 16:0:32 [TRAD-COUPLES-MATCHING] info: [34mA user connected[39m
Tue Jan 14 2025 16:0:32 [TRAD-COUPLES-MATCHING] info: [34mA user connected[39m
Tue Jan 14 2025 16:0:32 [TRAD-COUPLES-MATCHING] info: [34mA user connected[39m
Tue Jan 14 2025 16:0:32 [TRAD-COUPLES-MATCHING] info: [34mA user connected[39m
Tue Jan 14 2025 16:0:32 [TRAD-COUPLES-MATCHING] info: [34mA user connected[39m
Tue Jan 14 2025 16:0:32 [TRAD-COUPLES-MATCHING] info: [34mA user connected[39m
Tue Jan 14 2025 16:0:32 [TRAD-COUPLES-MATCHING] info: [34mA user connected[39m
Tue Jan 14 2025 16:0:32 [TRAD-COUPLES-MATCHING] info: [34mA user connected[39m
Tue Jan 14 2025 16:0:32 [TRAD-COUPLES-MATCHING] info: [34mA user connected[39m
Tue Jan 14 2025 16:0:32 [TRAD-COUPLES-MATCHING] info: [34mA user connected[39m
Tue Jan 14 2025 16:0:32 [TRAD-COUPLES-MATCHING] info: [34mA user connected[39m
Tue Jan 14 2025 16:0:32 [TRAD-COUPLES-MATCHING] info: [34mA user connected[39m
Tue Jan 14 2025 16:0:32 [TRAD-COUPLES-MATCHING] info: [34mA user connected[39m
Tue Jan 14 2025 16:0:32 [TRAD-COUPLES-MATCHING] info: [34mA user connected[39m
Tue Jan 14 2025 16:0:32 [TRAD-COUPLES-MATCHING] info: [34mA user connected[39m
Tue Jan 14 2025 16:0:32 [TRAD-COUPLES-MATCHING] info: [34mA user connected[39m
Tue Jan 14 2025 16:0:33 [TRAD-COUPLES-MATCHING] info: [34mA user connected[39m
Tue Jan 14 2025 16:0:33 [TRAD-COUPLES-MATCHING] info: [34mA user connected[39m
Tue Jan 14 2025 16:0:33 [TRAD-COUPLES-MATCHING] info: [34mA user connected[39m
Tue Jan 14 2025 16:0:33 [TRAD-COUPLES-MATCHING] info: [34mA user connected[39m
Tue Jan 14 2025 16:0:33 [TRAD-COUPLES-MATCHING] info: [34mA user connected[39m
Tue Jan 14 2025 16:0:33 [TRAD-COUPLES-MATCHING] info: [34mA user connected[39m
Tue Jan 14 2025 16:0:33 [TRAD-COUPLES-MATCHING] info: [34mA user connected[39m
Tue Jan 14 2025 16:0:33 [TRAD-COUPLES-MATCHING] info: [34mA user connected[39m
Tue Jan 14 2025 16:1:48 [TRAD-COUPLES-MATCHING] info: [32m🚀 Database connected successfully[39m
Tue Jan 14 2025 16:1:49 [TRAD-COUPLES-MATCHING] info: [33m♻️  Application listening on port:5000[39m
Tue Jan 14 2025 16:1:49 [TRAD-COUPLES-MATCHING] info: 🎀 Package Already created successfully
Tue Jan 14 2025 16:1:49 [TRAD-COUPLES-MATCHING] info: [34mA user connected[39m
Tue Jan 14 2025 16:1:49 [TRAD-COUPLES-MATCHING] info: [34mA user connected[39m
Tue Jan 14 2025 16:1:49 [TRAD-COUPLES-MATCHING] info: [34mA user connected[39m
Tue Jan 14 2025 16:1:49 [TRAD-COUPLES-MATCHING] info: [34mA user connected[39m
Tue Jan 14 2025 16:1:49 [TRAD-COUPLES-MATCHING] info: [34mA user connected[39m
Tue Jan 14 2025 16:1:49 [TRAD-COUPLES-MATCHING] info: [34mA user connected[39m
Tue Jan 14 2025 16:1:49 [TRAD-COUPLES-MATCHING] info: [34mA user connected[39m
Tue Jan 14 2025 16:1:49 [TRAD-COUPLES-MATCHING] info: [34mA user connected[39m
Tue Jan 14 2025 16:1:49 [TRAD-COUPLES-MATCHING] info: [34mA user connected[39m
Tue Jan 14 2025 16:1:49 [TRAD-COUPLES-MATCHING] info: [34mA user connected[39m
Tue Jan 14 2025 16:1:49 [TRAD-COUPLES-MATCHING] info: [34mA user connected[39m
Tue Jan 14 2025 16:1:49 [TRAD-COUPLES-MATCHING] info: [34mA user connected[39m
Tue Jan 14 2025 16:1:49 [TRAD-COUPLES-MATCHING] info: [34mA user connected[39m
Tue Jan 14 2025 16:1:49 [TRAD-COUPLES-MATCHING] info: [34mA user connected[39m
Tue Jan 14 2025 16:1:49 [TRAD-COUPLES-MATCHING] info: [34mA user connected[39m
Tue Jan 14 2025 16:1:49 [TRAD-COUPLES-MATCHING] info: [34mA user connected[39m
Tue Jan 14 2025 16:1:49 [TRAD-COUPLES-MATCHING] info: [34mA user connected[39m
Tue Jan 14 2025 16:1:49 [TRAD-COUPLES-MATCHING] info: [34mA user connected[39m
Tue Jan 14 2025 16:1:49 [TRAD-COUPLES-MATCHING] info: [34mA user connected[39m
Tue Jan 14 2025 16:1:49 [TRAD-COUPLES-MATCHING] info: [34mA user connected[39m
Tue Jan 14 2025 16:1:49 [TRAD-COUPLES-MATCHING] info: [34mA user connected[39m
Tue Jan 14 2025 16:1:49 [TRAD-COUPLES-MATCHING] info: [34mA user connected[39m
Tue Jan 14 2025 16:1:49 [TRAD-COUPLES-MATCHING] info: [34mA user connected[39m
Tue Jan 14 2025 16:1:49 [TRAD-COUPLES-MATCHING] info: [34mA user connected[39m
Tue Jan 14 2025 16:1:49 [TRAD-COUPLES-MATCHING] info: [34mA user connected[39m
Tue Jan 14 2025 16:1:49 [TRAD-COUPLES-MATCHING] info: [34mA user connected[39m
Tue Jan 14 2025 16:1:49 [TRAD-COUPLES-MATCHING] info: [34mA user connected[39m
Tue Jan 14 2025 16:1:49 [TRAD-COUPLES-MATCHING] info: [34mA user connected[39m
Tue Jan 14 2025 16:1:50 [TRAD-COUPLES-MATCHING] info: [34mA user connected[39m
Tue Jan 14 2025 16:1:50 [TRAD-COUPLES-MATCHING] info: [34mA user connected[39m
Tue Jan 14 2025 16:1:53 [TRAD-COUPLES-MATCHING] info: [32m🚀 Database connected successfully[39m
Tue Jan 14 2025 16:1:53 [TRAD-COUPLES-MATCHING] info: [33m♻️  Application listening on port:5000[39m
Tue Jan 14 2025 16:1:54 [TRAD-COUPLES-MATCHING] info: 🎀 Package Already created successfully
Tue Jan 14 2025 16:1:54 [TRAD-COUPLES-MATCHING] info: [34mA user connected[39m
Tue Jan 14 2025 16:1:54 [TRAD-COUPLES-MATCHING] info: [34mA user connected[39m
Tue Jan 14 2025 16:1:54 [TRAD-COUPLES-MATCHING] info: [34mA user connected[39m
Tue Jan 14 2025 16:1:54 [TRAD-COUPLES-MATCHING] info: [34mA user connected[39m
Tue Jan 14 2025 16:1:54 [TRAD-COUPLES-MATCHING] info: [34mA user connected[39m
Tue Jan 14 2025 16:1:54 [TRAD-COUPLES-MATCHING] info: [34mA user connected[39m
Tue Jan 14 2025 16:1:54 [TRAD-COUPLES-MATCHING] info: [34mA user connected[39m
Tue Jan 14 2025 16:1:54 [TRAD-COUPLES-MATCHING] info: [34mA user connected[39m
Tue Jan 14 2025 16:1:54 [TRAD-COUPLES-MATCHING] info: [34mA user connected[39m
Tue Jan 14 2025 16:1:54 [TRAD-COUPLES-MATCHING] info: [34mA user connected[39m
Tue Jan 14 2025 16:1:54 [TRAD-COUPLES-MATCHING] info: [34mA user connected[39m
Tue Jan 14 2025 16:1:54 [TRAD-COUPLES-MATCHING] info: [34mA user connected[39m
Tue Jan 14 2025 16:1:54 [TRAD-COUPLES-MATCHING] info: [34mA user connected[39m
Tue Jan 14 2025 16:1:54 [TRAD-COUPLES-MATCHING] info: [34mA user connected[39m
Tue Jan 14 2025 16:1:54 [TRAD-COUPLES-MATCHING] info: [34mA user connected[39m
Tue Jan 14 2025 16:1:54 [TRAD-COUPLES-MATCHING] info: [34mA user connected[39m
Tue Jan 14 2025 16:1:54 [TRAD-COUPLES-MATCHING] info: [34mA user connected[39m
Tue Jan 14 2025 16:1:54 [TRAD-COUPLES-MATCHING] info: [34mA user connected[39m
Tue Jan 14 2025 16:1:54 [TRAD-COUPLES-MATCHING] info: [34mA user connected[39m
Tue Jan 14 2025 16:1:54 [TRAD-COUPLES-MATCHING] info: [34mA user connected[39m
Tue Jan 14 2025 16:1:54 [TRAD-COUPLES-MATCHING] info: [34mA user connected[39m
Tue Jan 14 2025 16:1:54 [TRAD-COUPLES-MATCHING] info: [34mA user connected[39m
Tue Jan 14 2025 16:1:54 [TRAD-COUPLES-MATCHING] info: [34mA user connected[39m
Tue Jan 14 2025 16:1:54 [TRAD-COUPLES-MATCHING] info: [34mA user connected[39m
Tue Jan 14 2025 16:1:54 [TRAD-COUPLES-MATCHING] info: [34mA user connected[39m
Tue Jan 14 2025 16:1:54 [TRAD-COUPLES-MATCHING] info: [34mA user connected[39m
Tue Jan 14 2025 16:1:54 [TRAD-COUPLES-MATCHING] info: [34mA user connected[39m
Tue Jan 14 2025 16:1:54 [TRAD-COUPLES-MATCHING] info: [34mA user connected[39m
Tue Jan 14 2025 16:1:54 [TRAD-COUPLES-MATCHING] info: [34mA user connected[39m
Tue Jan 14 2025 16:1:54 [TRAD-COUPLES-MATCHING] info: [34mA user connected[39m
Tue Jan 14 2025 16:2:2 [TRAD-COUPLES-MATCHING] info: [32m🚀 Database connected successfully[39m
Tue Jan 14 2025 16:2:2 [TRAD-COUPLES-MATCHING] info: [33m♻️  Application listening on port:5000[39m
Tue Jan 14 2025 16:2:2 [TRAD-COUPLES-MATCHING] info: [34mA user connected[39m
Tue Jan 14 2025 16:2:2 [TRAD-COUPLES-MATCHING] info: 🎀 Package Already created successfully
Tue Jan 14 2025 16:2:2 [TRAD-COUPLES-MATCHING] info: [34mA user connected[39m
Tue Jan 14 2025 16:2:2 [TRAD-COUPLES-MATCHING] info: [34mA user connected[39m
Tue Jan 14 2025 16:2:2 [TRAD-COUPLES-MATCHING] info: [34mA user connected[39m
Tue Jan 14 2025 16:2:2 [TRAD-COUPLES-MATCHING] info: [34mA user connected[39m
Tue Jan 14 2025 16:2:2 [TRAD-COUPLES-MATCHING] info: [34mA user connected[39m
Tue Jan 14 2025 16:2:2 [TRAD-COUPLES-MATCHING] info: [34mA user connected[39m
Tue Jan 14 2025 16:2:2 [TRAD-COUPLES-MATCHING] info: [34mA user connected[39m
Tue Jan 14 2025 16:2:2 [TRAD-COUPLES-MATCHING] info: [34mA user connected[39m
Tue Jan 14 2025 16:2:2 [TRAD-COUPLES-MATCHING] info: [34mA user connected[39m
Tue Jan 14 2025 16:2:2 [TRAD-COUPLES-MATCHING] info: [34mA user connected[39m
Tue Jan 14 2025 16:2:2 [TRAD-COUPLES-MATCHING] info: [34mA user connected[39m
Tue Jan 14 2025 16:2:2 [TRAD-COUPLES-MATCHING] info: [34mA user connected[39m
Tue Jan 14 2025 16:2:2 [TRAD-COUPLES-MATCHING] info: [34mA user connected[39m
Tue Jan 14 2025 16:2:2 [TRAD-COUPLES-MATCHING] info: [34mA user connected[39m
Tue Jan 14 2025 16:2:2 [TRAD-COUPLES-MATCHING] info: [34mA user connected[39m
Tue Jan 14 2025 16:2:2 [TRAD-COUPLES-MATCHING] info: [34mA user connected[39m
Tue Jan 14 2025 16:2:2 [TRAD-COUPLES-MATCHING] info: [34mA user connected[39m
Tue Jan 14 2025 16:2:2 [TRAD-COUPLES-MATCHING] info: [34mA user connected[39m
Tue Jan 14 2025 16:2:3 [TRAD-COUPLES-MATCHING] info: [34mA user connected[39m
Tue Jan 14 2025 16:2:3 [TRAD-COUPLES-MATCHING] info: [34mA user connected[39m
Tue Jan 14 2025 16:2:3 [TRAD-COUPLES-MATCHING] info: [34mA user connected[39m
Tue Jan 14 2025 16:2:3 [TRAD-COUPLES-MATCHING] info: [34mA user connected[39m
Tue Jan 14 2025 16:2:3 [TRAD-COUPLES-MATCHING] info: [34mA user connected[39m
Tue Jan 14 2025 16:2:3 [TRAD-COUPLES-MATCHING] info: [34mA user connected[39m
Tue Jan 14 2025 16:2:3 [TRAD-COUPLES-MATCHING] info: [34mA user connected[39m
Tue Jan 14 2025 16:2:3 [TRAD-COUPLES-MATCHING] info: [34mA user connected[39m
Tue Jan 14 2025 16:2:3 [TRAD-COUPLES-MATCHING] info: [34mA user connected[39m
Tue Jan 14 2025 16:2:3 [TRAD-COUPLES-MATCHING] info: [34mA user connected[39m
Tue Jan 14 2025 16:2:3 [TRAD-COUPLES-MATCHING] info: [34mA user connected[39m
Tue Jan 14 2025 16:2:5 [TRAD-COUPLES-MATCHING] info: [32m🚀 Database connected successfully[39m
Tue Jan 14 2025 16:2:5 [TRAD-COUPLES-MATCHING] info: [33m♻️  Application listening on port:5000[39m
Tue Jan 14 2025 16:2:5 [TRAD-COUPLES-MATCHING] info: 🎀 Package Already created successfully
Tue Jan 14 2025 16:2:5 [TRAD-COUPLES-MATCHING] info: [34mA user connected[39m
Tue Jan 14 2025 16:2:5 [TRAD-COUPLES-MATCHING] info: [34mA user connected[39m
Tue Jan 14 2025 16:2:5 [TRAD-COUPLES-MATCHING] info: [34mA user connected[39m
Tue Jan 14 2025 16:2:5 [TRAD-COUPLES-MATCHING] info: [34mA user connected[39m
Tue Jan 14 2025 16:2:5 [TRAD-COUPLES-MATCHING] info: [34mA user connected[39m
Tue Jan 14 2025 16:2:5 [TRAD-COUPLES-MATCHING] info: [34mA user connected[39m
Tue Jan 14 2025 16:2:5 [TRAD-COUPLES-MATCHING] info: [34mA user connected[39m
Tue Jan 14 2025 16:2:6 [TRAD-COUPLES-MATCHING] info: [32m🚀 Database connected successfully[39m
Tue Jan 14 2025 16:2:6 [TRAD-COUPLES-MATCHING] info: [33m♻️  Application listening on port:5000[39m
Tue Jan 14 2025 16:2:6 [TRAD-COUPLES-MATCHING] info: 🎀 Package Already created successfully
Tue Jan 14 2025 16:2:6 [TRAD-COUPLES-MATCHING] info: [34mA user connected[39m
Tue Jan 14 2025 16:2:6 [TRAD-COUPLES-MATCHING] info: [34mA user connected[39m
Tue Jan 14 2025 16:2:6 [TRAD-COUPLES-MATCHING] info: [34mA user connected[39m
Tue Jan 14 2025 16:2:6 [TRAD-COUPLES-MATCHING] info: [34mA user connected[39m
Tue Jan 14 2025 16:2:6 [TRAD-COUPLES-MATCHING] info: [34mA user connected[39m
Tue Jan 14 2025 16:2:6 [TRAD-COUPLES-MATCHING] info: [34mA user connected[39m
Tue Jan 14 2025 16:2:6 [TRAD-COUPLES-MATCHING] info: [34mA user connected[39m
Tue Jan 14 2025 16:2:6 [TRAD-COUPLES-MATCHING] info: [34mA user connected[39m
Tue Jan 14 2025 16:2:7 [TRAD-COUPLES-MATCHING] info: [34mA user connected[39m
Tue Jan 14 2025 16:2:7 [TRAD-COUPLES-MATCHING] info: [34mA user connected[39m
Tue Jan 14 2025 16:2:7 [TRAD-COUPLES-MATCHING] info: [34mA user connected[39m
Tue Jan 14 2025 16:2:7 [TRAD-COUPLES-MATCHING] info: [34mA user connected[39m
Tue Jan 14 2025 16:2:7 [TRAD-COUPLES-MATCHING] info: [34mA user connected[39m
Tue Jan 14 2025 16:2:7 [TRAD-COUPLES-MATCHING] info: [34mA user connected[39m
Tue Jan 14 2025 16:2:7 [TRAD-COUPLES-MATCHING] info: [34mA user connected[39m
Tue Jan 14 2025 16:2:7 [TRAD-COUPLES-MATCHING] info: [34mA user connected[39m
Tue Jan 14 2025 16:2:7 [TRAD-COUPLES-MATCHING] info: [34mA user connected[39m
Tue Jan 14 2025 16:2:7 [TRAD-COUPLES-MATCHING] info: [34mA user connected[39m
Tue Jan 14 2025 16:2:7 [TRAD-COUPLES-MATCHING] info: [34mA user connected[39m
Tue Jan 14 2025 16:2:8 [TRAD-COUPLES-MATCHING] info: [34mA user connected[39m
Tue Jan 14 2025 16:2:8 [TRAD-COUPLES-MATCHING] info: [34mA user connected[39m
Tue Jan 14 2025 16:2:8 [TRAD-COUPLES-MATCHING] info: [34mA user connected[39m
Tue Jan 14 2025 16:2:8 [TRAD-COUPLES-MATCHING] info: [34mA user connected[39m
Tue Jan 14 2025 16:2:8 [TRAD-COUPLES-MATCHING] info: [34mA user connected[39m
Tue Jan 14 2025 16:2:8 [TRAD-COUPLES-MATCHING] info: [34mA user connected[39m
Tue Jan 14 2025 16:2:8 [TRAD-COUPLES-MATCHING] info: [34mA user connected[39m
Tue Jan 14 2025 16:2:8 [TRAD-COUPLES-MATCHING] info: [34mA user connected[39m
Tue Jan 14 2025 16:2:8 [TRAD-COUPLES-MATCHING] info: [34mA user connected[39m
Tue Jan 14 2025 16:2:8 [TRAD-COUPLES-MATCHING] info: [34mA user connected[39m
Tue Jan 14 2025 16:2:8 [TRAD-COUPLES-MATCHING] info: [34mA user connected[39m
Tue Jan 14 2025 16:2:28 [TRAD-COUPLES-MATCHING] info: [32m🚀 Database connected successfully[39m
Tue Jan 14 2025 16:2:28 [TRAD-COUPLES-MATCHING] info: [33m♻️  Application listening on port:5000[39m
Tue Jan 14 2025 16:2:28 [TRAD-COUPLES-MATCHING] info: 🎀 Package Already created successfully
Tue Jan 14 2025 16:2:28 [TRAD-COUPLES-MATCHING] info: [34mA user connected[39m
Tue Jan 14 2025 16:2:28 [TRAD-COUPLES-MATCHING] info: [34mA user connected[39m
Tue Jan 14 2025 16:2:28 [TRAD-COUPLES-MATCHING] info: [34mA user connected[39m
Tue Jan 14 2025 16:2:28 [TRAD-COUPLES-MATCHING] info: [34mA user connected[39m
Tue Jan 14 2025 16:2:28 [TRAD-COUPLES-MATCHING] info: [34mA user connected[39m
Tue Jan 14 2025 16:2:28 [TRAD-COUPLES-MATCHING] info: [34mA user connected[39m
Tue Jan 14 2025 16:2:28 [TRAD-COUPLES-MATCHING] info: [34mA user connected[39m
Tue Jan 14 2025 16:2:28 [TRAD-COUPLES-MATCHING] info: [34mA user connected[39m
Tue Jan 14 2025 16:2:28 [TRAD-COUPLES-MATCHING] info: [34mA user connected[39m
Tue Jan 14 2025 16:2:28 [TRAD-COUPLES-MATCHING] info: [34mA user connected[39m
Tue Jan 14 2025 16:2:28 [TRAD-COUPLES-MATCHING] info: [34mA user connected[39m
Tue Jan 14 2025 16:2:28 [TRAD-COUPLES-MATCHING] info: [34mA user connected[39m
Tue Jan 14 2025 16:2:28 [TRAD-COUPLES-MATCHING] info: [34mA user connected[39m
Tue Jan 14 2025 16:2:28 [TRAD-COUPLES-MATCHING] info: [34mA user connected[39m
Tue Jan 14 2025 16:2:29 [TRAD-COUPLES-MATCHING] info: [34mA user connected[39m
Tue Jan 14 2025 16:2:29 [TRAD-COUPLES-MATCHING] info: [34mA user connected[39m
Tue Jan 14 2025 16:2:29 [TRAD-COUPLES-MATCHING] info: [34mA user connected[39m
Tue Jan 14 2025 16:2:29 [TRAD-COUPLES-MATCHING] info: [34mA user connected[39m
Tue Jan 14 2025 16:2:29 [TRAD-COUPLES-MATCHING] info: [34mA user connected[39m
Tue Jan 14 2025 16:2:29 [TRAD-COUPLES-MATCHING] info: [34mA user connected[39m
Tue Jan 14 2025 16:2:29 [TRAD-COUPLES-MATCHING] info: [34mA user connected[39m
Tue Jan 14 2025 16:2:29 [TRAD-COUPLES-MATCHING] info: [34mA user connected[39m
Tue Jan 14 2025 16:2:29 [TRAD-COUPLES-MATCHING] info: [34mA user connected[39m
Tue Jan 14 2025 16:2:29 [TRAD-COUPLES-MATCHING] info: [34mA user connected[39m
Tue Jan 14 2025 16:2:29 [TRAD-COUPLES-MATCHING] info: [34mA user connected[39m
Tue Jan 14 2025 16:2:29 [TRAD-COUPLES-MATCHING] info: [34mA user connected[39m
Tue Jan 14 2025 16:2:29 [TRAD-COUPLES-MATCHING] info: [34mA user connected[39m
Tue Jan 14 2025 16:2:29 [TRAD-COUPLES-MATCHING] info: [34mA user connected[39m
Tue Jan 14 2025 16:2:29 [TRAD-COUPLES-MATCHING] info: [34mA user connected[39m
Tue Jan 14 2025 16:2:29 [TRAD-COUPLES-MATCHING] info: [34mA user connected[39m
Tue Jan 14 2025 16:2:31 [TRAD-COUPLES-MATCHING] info: [32m🚀 Database connected successfully[39m
Tue Jan 14 2025 16:2:31 [TRAD-COUPLES-MATCHING] info: [33m♻️  Application listening on port:5000[39m
Tue Jan 14 2025 16:2:31 [TRAD-COUPLES-MATCHING] info: 🎀 Package Already created successfully
Tue Jan 14 2025 16:2:31 [TRAD-COUPLES-MATCHING] info: [34mA user connected[39m
Tue Jan 14 2025 16:2:31 [TRAD-COUPLES-MATCHING] info: [34mA user connected[39m
Tue Jan 14 2025 16:2:31 [TRAD-COUPLES-MATCHING] info: [34mA user connected[39m
Tue Jan 14 2025 16:2:31 [TRAD-COUPLES-MATCHING] info: [34mA user connected[39m
Tue Jan 14 2025 16:2:31 [TRAD-COUPLES-MATCHING] info: [34mA user connected[39m
Tue Jan 14 2025 16:2:31 [TRAD-COUPLES-MATCHING] info: [34mA user connected[39m
Tue Jan 14 2025 16:2:31 [TRAD-COUPLES-MATCHING] info: [34mA user connected[39m
Tue Jan 14 2025 16:2:31 [TRAD-COUPLES-MATCHING] info: [34mA user connected[39m
Tue Jan 14 2025 16:2:31 [TRAD-COUPLES-MATCHING] info: [34mA user connected[39m
Tue Jan 14 2025 16:2:32 [TRAD-COUPLES-MATCHING] info: [34mA user connected[39m
Tue Jan 14 2025 16:2:32 [TRAD-COUPLES-MATCHING] info: [34mA user connected[39m
Tue Jan 14 2025 16:2:32 [TRAD-COUPLES-MATCHING] info: [34mA user connected[39m
Tue Jan 14 2025 16:2:32 [TRAD-COUPLES-MATCHING] info: [34mA user connected[39m
Tue Jan 14 2025 16:2:32 [TRAD-COUPLES-MATCHING] info: [34mA user connected[39m
Tue Jan 14 2025 16:2:32 [TRAD-COUPLES-MATCHING] info: [34mA user connected[39m
Tue Jan 14 2025 16:2:32 [TRAD-COUPLES-MATCHING] info: [34mA user connected[39m
Tue Jan 14 2025 16:2:32 [TRAD-COUPLES-MATCHING] info: [34mA user connected[39m
Tue Jan 14 2025 16:2:32 [TRAD-COUPLES-MATCHING] info: [34mA user connected[39m
Tue Jan 14 2025 16:2:32 [TRAD-COUPLES-MATCHING] info: [34mA user connected[39m
Tue Jan 14 2025 16:2:32 [TRAD-COUPLES-MATCHING] info: [34mA user connected[39m
Tue Jan 14 2025 16:2:32 [TRAD-COUPLES-MATCHING] info: [34mA user connected[39m
Tue Jan 14 2025 16:2:32 [TRAD-COUPLES-MATCHING] info: [34mA user connected[39m
Tue Jan 14 2025 16:2:32 [TRAD-COUPLES-MATCHING] info: [34mA user connected[39m
Tue Jan 14 2025 16:2:32 [TRAD-COUPLES-MATCHING] info: [34mA user connected[39m
Tue Jan 14 2025 16:2:32 [TRAD-COUPLES-MATCHING] info: [34mA user connected[39m
Tue Jan 14 2025 16:2:32 [TRAD-COUPLES-MATCHING] info: [34mA user connected[39m
Tue Jan 14 2025 16:2:32 [TRAD-COUPLES-MATCHING] info: [34mA user connected[39m
Tue Jan 14 2025 16:2:32 [TRAD-COUPLES-MATCHING] info: [34mA user connected[39m
Tue Jan 14 2025 16:2:32 [TRAD-COUPLES-MATCHING] info: [34mA user connected[39m
Tue Jan 14 2025 16:2:32 [TRAD-COUPLES-MATCHING] info: [34mA user connected[39m
Tue Jan 14 2025 16:3:50 [TRAD-COUPLES-MATCHING] info: [34mA user connected[39m
Tue Jan 14 2025 16:3:50 [TRAD-COUPLES-MATCHING] info: [31mA user disconnect[39m
Tue Jan 14 2025 16:3:50 [TRAD-COUPLES-MATCHING] info: [31mA user disconnect[39m
Tue Jan 14 2025 16:3:50 [TRAD-COUPLES-MATCHING] info: [31mA user disconnect[39m
Tue Jan 14 2025 16:3:50 [TRAD-COUPLES-MATCHING] info: [31mA user disconnect[39m
Tue Jan 14 2025 16:3:50 [TRAD-COUPLES-MATCHING] info: [31mA user disconnect[39m
Tue Jan 14 2025 16:3:50 [TRAD-COUPLES-MATCHING] info: [31mA user disconnect[39m
Tue Jan 14 2025 16:3:51 [TRAD-COUPLES-MATCHING] info: [34mA user connected[39m
Tue Jan 14 2025 16:3:51 [TRAD-COUPLES-MATCHING] info: [34mA user connected[39m
Tue Jan 14 2025 16:3:53 [TRAD-COUPLES-MATCHING] info: [34mA user connected[39m
Tue Jan 14 2025 16:3:53 [TRAD-COUPLES-MATCHING] info: [34mA user connected[39m
Tue Jan 14 2025 16:3:53 [TRAD-COUPLES-MATCHING] info: [34mA user connected[39m
Tue Jan 14 2025 16:3:53 [TRAD-COUPLES-MATCHING] info: [34mA user connected[39m
Tue Jan 14 2025 16:3:54 [TRAD-COUPLES-MATCHING] info: [34mA user connected[39m
Tue Jan 14 2025 16:3:54 [TRAD-COUPLES-MATCHING] info: [34mA user connected[39m
Tue Jan 14 2025 16:4:6 [TRAD-COUPLES-MATCHING] info: [34mA user connected[39m
Tue Jan 14 2025 16:4:6 [TRAD-COUPLES-MATCHING] info: [31mA user disconnect[39m
Tue Jan 14 2025 16:4:6 [TRAD-COUPLES-MATCHING] info: [31mA user disconnect[39m
Tue Jan 14 2025 16:4:6 [TRAD-COUPLES-MATCHING] info: [31mA user disconnect[39m
Tue Jan 14 2025 16:4:6 [TRAD-COUPLES-MATCHING] info: [31mA user disconnect[39m
Tue Jan 14 2025 16:4:6 [TRAD-COUPLES-MATCHING] info: [31mA user disconnect[39m
Tue Jan 14 2025 16:4:6 [TRAD-COUPLES-MATCHING] info: [31mA user disconnect[39m
Tue Jan 14 2025 16:4:6 [TRAD-COUPLES-MATCHING] info: [31mA user disconnect[39m
Tue Jan 14 2025 16:4:6 [TRAD-COUPLES-MATCHING] info: [31mA user disconnect[39m
Tue Jan 14 2025 16:4:7 [TRAD-COUPLES-MATCHING] info: [34mA user connected[39m
Tue Jan 14 2025 16:4:7 [TRAD-COUPLES-MATCHING] info: [34mA user connected[39m
Tue Jan 14 2025 16:5:17 [TRAD-COUPLES-MATCHING] info: 115.127.157.41 - OPTIONS /api/v1/user/sign-up 204 - 0.424 ms
Tue Jan 14 2025 16:5:17 [TRAD-COUPLES-MATCHING] info: 115.127.157.41 - POST /api/v1/user/sign-up 200 - 220.183 ms
Tue Jan 14 2025 16:5:20 [TRAD-COUPLES-MATCHING] info: Mail send successfully
Tue Jan 14 2025 16:5:34 [TRAD-COUPLES-MATCHING] info: 115.127.157.41 - OPTIONS /api/v1/auth/verify-email 204 - 0.193 ms
Tue Jan 14 2025 16:5:34 [TRAD-COUPLES-MATCHING] info: 115.127.157.41 - POST /api/v1/auth/verify-email 200 - 5.585 ms
Tue Jan 14 2025 16:7:11 [TRAD-COUPLES-MATCHING] info: 115.127.157.41 - OPTIONS /api/v1/bio/create-bio 204 - 0.081 ms
Tue Jan 14 2025 16:8:31 [TRAD-COUPLES-MATCHING] info: [32m🚀 Database connected successfully[39m
Tue Jan 14 2025 16:8:31 [TRAD-COUPLES-MATCHING] info: [33m♻️  Application listening on port:5000[39m
Tue Jan 14 2025 16:8:31 [TRAD-COUPLES-MATCHING] info: 🎀 Package Already created successfully
Tue Jan 14 2025 16:8:31 [TRAD-COUPLES-MATCHING] info: [34mA user connected[39m
Tue Jan 14 2025 16:8:31 [TRAD-COUPLES-MATCHING] info: [34mA user connected[39m
Tue Jan 14 2025 16:8:31 [TRAD-COUPLES-MATCHING] info: [34mA user connected[39m
Tue Jan 14 2025 16:8:31 [TRAD-COUPLES-MATCHING] info: [34mA user connected[39m
Tue Jan 14 2025 16:8:31 [TRAD-COUPLES-MATCHING] info: [34mA user connected[39m
Tue Jan 14 2025 16:8:31 [TRAD-COUPLES-MATCHING] info: [34mA user connected[39m
Tue Jan 14 2025 16:8:31 [TRAD-COUPLES-MATCHING] info: [34mA user connected[39m
Tue Jan 14 2025 16:8:31 [TRAD-COUPLES-MATCHING] info: [34mA user connected[39m
Tue Jan 14 2025 16:8:31 [TRAD-COUPLES-MATCHING] info: [34mA user connected[39m
Tue Jan 14 2025 16:8:31 [TRAD-COUPLES-MATCHING] info: [34mA user connected[39m
Tue Jan 14 2025 16:8:31 [TRAD-COUPLES-MATCHING] info: [34mA user connected[39m
Tue Jan 14 2025 16:8:31 [TRAD-COUPLES-MATCHING] info: [34mA user connected[39m
Tue Jan 14 2025 16:8:31 [TRAD-COUPLES-MATCHING] info: [34mA user connected[39m
Tue Jan 14 2025 16:8:31 [TRAD-COUPLES-MATCHING] info: [34mA user connected[39m
Tue Jan 14 2025 16:8:31 [TRAD-COUPLES-MATCHING] info: [34mA user connected[39m
Tue Jan 14 2025 16:8:31 [TRAD-COUPLES-MATCHING] info: [34mA user connected[39m
Tue Jan 14 2025 16:8:31 [TRAD-COUPLES-MATCHING] info: [34mA user connected[39m
Tue Jan 14 2025 16:8:31 [TRAD-COUPLES-MATCHING] info: [34mA user connected[39m
Tue Jan 14 2025 16:8:31 [TRAD-COUPLES-MATCHING] info: [34mA user connected[39m
Tue Jan 14 2025 16:8:32 [TRAD-COUPLES-MATCHING] info: [34mA user connected[39m
Tue Jan 14 2025 16:8:32 [TRAD-COUPLES-MATCHING] info: [34mA user connected[39m
Tue Jan 14 2025 16:8:32 [TRAD-COUPLES-MATCHING] info: [34mA user connected[39m
Tue Jan 14 2025 16:8:32 [TRAD-COUPLES-MATCHING] info: [34mA user connected[39m
Tue Jan 14 2025 16:8:32 [TRAD-COUPLES-MATCHING] info: [34mA user connected[39m
Tue Jan 14 2025 16:8:32 [TRAD-COUPLES-MATCHING] info: [34mA user connected[39m
Tue Jan 14 2025 16:8:32 [TRAD-COUPLES-MATCHING] info: [34mA user connected[39m
Tue Jan 14 2025 16:8:32 [TRAD-COUPLES-MATCHING] info: [34mA user connected[39m
Tue Jan 14 2025 16:8:32 [TRAD-COUPLES-MATCHING] info: [34mA user connected[39m
Tue Jan 14 2025 16:8:40 [TRAD-COUPLES-MATCHING] info: [32m🚀 Database connected successfully[39m
Tue Jan 14 2025 16:8:40 [TRAD-COUPLES-MATCHING] info: [33m♻️  Application listening on port:5000[39m
Tue Jan 14 2025 16:8:40 [TRAD-COUPLES-MATCHING] info: 🎀 Package Already created successfully
Tue Jan 14 2025 16:8:40 [TRAD-COUPLES-MATCHING] info: [34mA user connected[39m
Tue Jan 14 2025 16:8:40 [TRAD-COUPLES-MATCHING] info: [34mA user connected[39m
Tue Jan 14 2025 16:8:40 [TRAD-COUPLES-MATCHING] info: [34mA user connected[39m
Tue Jan 14 2025 16:8:40 [TRAD-COUPLES-MATCHING] info: [34mA user connected[39m
Tue Jan 14 2025 16:8:40 [TRAD-COUPLES-MATCHING] info: [34mA user connected[39m
Tue Jan 14 2025 16:8:40 [TRAD-COUPLES-MATCHING] info: [34mA user connected[39m
Tue Jan 14 2025 16:8:40 [TRAD-COUPLES-MATCHING] info: [34mA user connected[39m
Tue Jan 14 2025 16:8:40 [TRAD-COUPLES-MATCHING] info: [34mA user connected[39m
Tue Jan 14 2025 16:8:40 [TRAD-COUPLES-MATCHING] info: [34mA user connected[39m
Tue Jan 14 2025 16:8:40 [TRAD-COUPLES-MATCHING] info: [34mA user connected[39m
Tue Jan 14 2025 16:8:40 [TRAD-COUPLES-MATCHING] info: [34mA user connected[39m
Tue Jan 14 2025 16:8:40 [TRAD-COUPLES-MATCHING] info: [34mA user connected[39m
Tue Jan 14 2025 16:8:40 [TRAD-COUPLES-MATCHING] info: [34mA user connected[39m
Tue Jan 14 2025 16:8:40 [TRAD-COUPLES-MATCHING] info: [34mA user connected[39m
Tue Jan 14 2025 16:8:41 [TRAD-COUPLES-MATCHING] info: [34mA user connected[39m
Tue Jan 14 2025 16:8:41 [TRAD-COUPLES-MATCHING] info: [34mA user connected[39m
Tue Jan 14 2025 16:8:41 [TRAD-COUPLES-MATCHING] info: [34mA user connected[39m
Tue Jan 14 2025 16:8:41 [TRAD-COUPLES-MATCHING] info: [34mA user connected[39m
Tue Jan 14 2025 16:8:41 [TRAD-COUPLES-MATCHING] info: [34mA user connected[39m
Tue Jan 14 2025 16:8:41 [TRAD-COUPLES-MATCHING] info: [34mA user connected[39m
Tue Jan 14 2025 16:8:41 [TRAD-COUPLES-MATCHING] info: [34mA user connected[39m
Tue Jan 14 2025 16:8:41 [TRAD-COUPLES-MATCHING] info: [34mA user connected[39m
Tue Jan 14 2025 16:8:41 [TRAD-COUPLES-MATCHING] info: [34mA user connected[39m
Tue Jan 14 2025 16:8:41 [TRAD-COUPLES-MATCHING] info: [34mA user connected[39m
Tue Jan 14 2025 16:8:41 [TRAD-COUPLES-MATCHING] info: [34mA user connected[39m
Tue Jan 14 2025 16:8:41 [TRAD-COUPLES-MATCHING] info: [34mA user connected[39m
Tue Jan 14 2025 16:8:41 [TRAD-COUPLES-MATCHING] info: [34mA user connected[39m
Tue Jan 14 2025 16:8:41 [TRAD-COUPLES-MATCHING] info: [34mA user connected[39m
Tue Jan 14 2025 16:12:29 [TRAD-COUPLES-MATCHING] info: [32m🚀 Database connected successfully[39m
Tue Jan 14 2025 16:12:29 [TRAD-COUPLES-MATCHING] info: [33m♻️  Application listening on port:5000[39m
Tue Jan 14 2025 16:12:29 [TRAD-COUPLES-MATCHING] info: [34mA user connected[39m
Tue Jan 14 2025 16:12:29 [TRAD-COUPLES-MATCHING] info: [34mA user connected[39m
Tue Jan 14 2025 16:12:29 [TRAD-COUPLES-MATCHING] info: [34mA user connected[39m
Tue Jan 14 2025 16:12:29 [TRAD-COUPLES-MATCHING] info: [34mA user connected[39m
Tue Jan 14 2025 16:12:29 [TRAD-COUPLES-MATCHING] info: 🎀 Package Already created successfully
Tue Jan 14 2025 16:12:30 [TRAD-COUPLES-MATCHING] info: [34mA user connected[39m
Tue Jan 14 2025 16:12:30 [TRAD-COUPLES-MATCHING] info: [34mA user connected[39m
Tue Jan 14 2025 16:12:30 [TRAD-COUPLES-MATCHING] info: [34mA user connected[39m
Tue Jan 14 2025 16:12:30 [TRAD-COUPLES-MATCHING] info: [34mA user connected[39m
Tue Jan 14 2025 16:12:30 [TRAD-COUPLES-MATCHING] info: [34mA user connected[39m
Tue Jan 14 2025 16:12:30 [TRAD-COUPLES-MATCHING] info: [34mA user connected[39m
Tue Jan 14 2025 16:12:30 [TRAD-COUPLES-MATCHING] info: [34mA user connected[39m
Tue Jan 14 2025 16:12:30 [TRAD-COUPLES-MATCHING] info: [34mA user connected[39m
Tue Jan 14 2025 16:12:30 [TRAD-COUPLES-MATCHING] info: [34mA user connected[39m
Tue Jan 14 2025 16:12:30 [TRAD-COUPLES-MATCHING] info: [34mA user connected[39m
Tue Jan 14 2025 16:12:30 [TRAD-COUPLES-MATCHING] info: [34mA user connected[39m
Tue Jan 14 2025 16:12:30 [TRAD-COUPLES-MATCHING] info: [34mA user connected[39m
Tue Jan 14 2025 16:12:30 [TRAD-COUPLES-MATCHING] info: [34mA user connected[39m
Tue Jan 14 2025 16:12:30 [TRAD-COUPLES-MATCHING] info: [34mA user connected[39m
Tue Jan 14 2025 16:12:30 [TRAD-COUPLES-MATCHING] info: [34mA user connected[39m
Tue Jan 14 2025 16:12:30 [TRAD-COUPLES-MATCHING] info: [34mA user connected[39m
Tue Jan 14 2025 16:12:30 [TRAD-COUPLES-MATCHING] info: [34mA user connected[39m
Tue Jan 14 2025 16:12:30 [TRAD-COUPLES-MATCHING] info: [34mA user connected[39m
Tue Jan 14 2025 16:12:30 [TRAD-COUPLES-MATCHING] info: [34mA user connected[39m
Tue Jan 14 2025 16:12:30 [TRAD-COUPLES-MATCHING] info: [34mA user connected[39m
Tue Jan 14 2025 16:12:30 [TRAD-COUPLES-MATCHING] info: [34mA user connected[39m
Tue Jan 14 2025 16:12:30 [TRAD-COUPLES-MATCHING] info: [34mA user connected[39m
Tue Jan 14 2025 16:12:30 [TRAD-COUPLES-MATCHING] info: [34mA user connected[39m
Tue Jan 14 2025 16:12:30 [TRAD-COUPLES-MATCHING] info: [34mA user connected[39m
Tue Jan 14 2025 16:12:42 [TRAD-COUPLES-MATCHING] info: [32m🚀 Database connected successfully[39m
Tue Jan 14 2025 16:12:42 [TRAD-COUPLES-MATCHING] info: [33m♻️  Application listening on port:5000[39m
Tue Jan 14 2025 16:12:42 [TRAD-COUPLES-MATCHING] info: 🎀 Package Already created successfully
Tue Jan 14 2025 16:12:42 [TRAD-COUPLES-MATCHING] info: [34mA user connected[39m
Tue Jan 14 2025 16:12:42 [TRAD-COUPLES-MATCHING] info: [34mA user connected[39m
Tue Jan 14 2025 16:12:42 [TRAD-COUPLES-MATCHING] info: [34mA user connected[39m
Tue Jan 14 2025 16:12:42 [TRAD-COUPLES-MATCHING] info: [34mA user connected[39m
Tue Jan 14 2025 16:12:42 [TRAD-COUPLES-MATCHING] info: [34mA user connected[39m
Tue Jan 14 2025 16:12:42 [TRAD-COUPLES-MATCHING] info: [34mA user connected[39m
Tue Jan 14 2025 16:12:42 [TRAD-COUPLES-MATCHING] info: [34mA user connected[39m
Tue Jan 14 2025 16:12:42 [TRAD-COUPLES-MATCHING] info: [34mA user connected[39m
Tue Jan 14 2025 16:12:42 [TRAD-COUPLES-MATCHING] info: [34mA user connected[39m
Tue Jan 14 2025 16:12:42 [TRAD-COUPLES-MATCHING] info: [34mA user connected[39m
Tue Jan 14 2025 16:12:42 [TRAD-COUPLES-MATCHING] info: [34mA user connected[39m
Tue Jan 14 2025 16:12:42 [TRAD-COUPLES-MATCHING] info: [34mA user connected[39m
Tue Jan 14 2025 16:12:42 [TRAD-COUPLES-MATCHING] info: [34mA user connected[39m
Tue Jan 14 2025 16:12:42 [TRAD-COUPLES-MATCHING] info: [34mA user connected[39m
Tue Jan 14 2025 16:12:42 [TRAD-COUPLES-MATCHING] info: [34mA user connected[39m
Tue Jan 14 2025 16:12:42 [TRAD-COUPLES-MATCHING] info: [34mA user connected[39m
Tue Jan 14 2025 16:12:43 [TRAD-COUPLES-MATCHING] info: [34mA user connected[39m
Tue Jan 14 2025 16:12:43 [TRAD-COUPLES-MATCHING] info: [34mA user connected[39m
Tue Jan 14 2025 16:12:43 [TRAD-COUPLES-MATCHING] info: [34mA user connected[39m
Tue Jan 14 2025 16:12:43 [TRAD-COUPLES-MATCHING] info: [34mA user connected[39m
Tue Jan 14 2025 16:12:43 [TRAD-COUPLES-MATCHING] info: [34mA user connected[39m
Tue Jan 14 2025 16:12:43 [TRAD-COUPLES-MATCHING] info: [34mA user connected[39m
Tue Jan 14 2025 16:12:43 [TRAD-COUPLES-MATCHING] info: [34mA user connected[39m
Tue Jan 14 2025 16:12:43 [TRAD-COUPLES-MATCHING] info: [34mA user connected[39m
Tue Jan 14 2025 16:12:43 [TRAD-COUPLES-MATCHING] info: [34mA user connected[39m
Tue Jan 14 2025 16:12:43 [TRAD-COUPLES-MATCHING] info: [34mA user connected[39m
Tue Jan 14 2025 16:12:43 [TRAD-COUPLES-MATCHING] info: [34mA user connected[39m
Tue Jan 14 2025 16:12:43 [TRAD-COUPLES-MATCHING] info: [34mA user connected[39m
Tue Jan 14 2025 16:12:45 [TRAD-COUPLES-MATCHING] info: [32m🚀 Database connected successfully[39m
Tue Jan 14 2025 16:12:45 [TRAD-COUPLES-MATCHING] info: [33m♻️  Application listening on port:5000[39m
Tue Jan 14 2025 16:12:45 [TRAD-COUPLES-MATCHING] info: 🎀 Package Already created successfully
Tue Jan 14 2025 16:12:45 [TRAD-COUPLES-MATCHING] info: [34mA user connected[39m
Tue Jan 14 2025 16:12:45 [TRAD-COUPLES-MATCHING] info: [34mA user connected[39m
Tue Jan 14 2025 16:12:45 [TRAD-COUPLES-MATCHING] info: [34mA user connected[39m
Tue Jan 14 2025 16:12:45 [TRAD-COUPLES-MATCHING] info: [34mA user connected[39m
Tue Jan 14 2025 16:12:45 [TRAD-COUPLES-MATCHING] info: [34mA user connected[39m
Tue Jan 14 2025 16:12:45 [TRAD-COUPLES-MATCHING] info: [34mA user connected[39m
Tue Jan 14 2025 16:12:45 [TRAD-COUPLES-MATCHING] info: [34mA user connected[39m
Tue Jan 14 2025 16:12:45 [TRAD-COUPLES-MATCHING] info: [34mA user connected[39m
Tue Jan 14 2025 16:12:45 [TRAD-COUPLES-MATCHING] info: [34mA user connected[39m
Tue Jan 14 2025 16:12:45 [TRAD-COUPLES-MATCHING] info: [34mA user connected[39m
Tue Jan 14 2025 16:12:45 [TRAD-COUPLES-MATCHING] info: [34mA user connected[39m
Tue Jan 14 2025 16:12:45 [TRAD-COUPLES-MATCHING] info: [34mA user connected[39m
Tue Jan 14 2025 16:12:45 [TRAD-COUPLES-MATCHING] info: [34mA user connected[39m
Tue Jan 14 2025 16:12:45 [TRAD-COUPLES-MATCHING] info: [34mA user connected[39m
Tue Jan 14 2025 16:12:46 [TRAD-COUPLES-MATCHING] info: [34mA user connected[39m
Tue Jan 14 2025 16:12:46 [TRAD-COUPLES-MATCHING] info: [34mA user connected[39m
Tue Jan 14 2025 16:12:46 [TRAD-COUPLES-MATCHING] info: [34mA user connected[39m
Tue Jan 14 2025 16:12:46 [TRAD-COUPLES-MATCHING] info: [34mA user connected[39m
Tue Jan 14 2025 16:12:46 [TRAD-COUPLES-MATCHING] info: [34mA user connected[39m
Tue Jan 14 2025 16:12:46 [TRAD-COUPLES-MATCHING] info: [34mA user connected[39m
Tue Jan 14 2025 16:12:46 [TRAD-COUPLES-MATCHING] info: [34mA user connected[39m
Tue Jan 14 2025 16:12:46 [TRAD-COUPLES-MATCHING] info: [34mA user connected[39m
Tue Jan 14 2025 16:12:46 [TRAD-COUPLES-MATCHING] info: [34mA user connected[39m
Tue Jan 14 2025 16:12:46 [TRAD-COUPLES-MATCHING] info: [34mA user connected[39m
Tue Jan 14 2025 16:12:46 [TRAD-COUPLES-MATCHING] info: [34mA user connected[39m
Tue Jan 14 2025 16:12:46 [TRAD-COUPLES-MATCHING] info: [34mA user connected[39m
Tue Jan 14 2025 16:12:46 [TRAD-COUPLES-MATCHING] info: [34mA user connected[39m
Tue Jan 14 2025 16:12:46 [TRAD-COUPLES-MATCHING] info: [34mA user connected[39m
Tue Jan 14 2025 16:12:48 [TRAD-COUPLES-MATCHING] info: [32m🚀 Database connected successfully[39m
Tue Jan 14 2025 16:12:48 [TRAD-COUPLES-MATCHING] info: [33m♻️  Application listening on port:5000[39m
Tue Jan 14 2025 16:12:48 [TRAD-COUPLES-MATCHING] info: 🎀 Package Already created successfully
Tue Jan 14 2025 16:12:48 [TRAD-COUPLES-MATCHING] info: [34mA user connected[39m
Tue Jan 14 2025 16:12:48 [TRAD-COUPLES-MATCHING] info: [34mA user connected[39m
Tue Jan 14 2025 16:12:48 [TRAD-COUPLES-MATCHING] info: [34mA user connected[39m
Tue Jan 14 2025 16:12:48 [TRAD-COUPLES-MATCHING] info: [34mA user connected[39m
Tue Jan 14 2025 16:12:48 [TRAD-COUPLES-MATCHING] info: [34mA user connected[39m
Tue Jan 14 2025 16:12:48 [TRAD-COUPLES-MATCHING] info: [34mA user connected[39m
Tue Jan 14 2025 16:12:48 [TRAD-COUPLES-MATCHING] info: [34mA user connected[39m
Tue Jan 14 2025 16:12:48 [TRAD-COUPLES-MATCHING] info: [34mA user connected[39m
Tue Jan 14 2025 16:12:48 [TRAD-COUPLES-MATCHING] info: [34mA user connected[39m
Tue Jan 14 2025 16:12:48 [TRAD-COUPLES-MATCHING] info: [34mA user connected[39m
Tue Jan 14 2025 16:12:48 [TRAD-COUPLES-MATCHING] info: [34mA user connected[39m
Tue Jan 14 2025 16:12:48 [TRAD-COUPLES-MATCHING] info: [34mA user connected[39m
Tue Jan 14 2025 16:12:48 [TRAD-COUPLES-MATCHING] info: [34mA user connected[39m
Tue Jan 14 2025 16:12:48 [TRAD-COUPLES-MATCHING] info: [34mA user connected[39m
Tue Jan 14 2025 16:12:48 [TRAD-COUPLES-MATCHING] info: [34mA user connected[39m
Tue Jan 14 2025 16:12:48 [TRAD-COUPLES-MATCHING] info: [34mA user connected[39m
Tue Jan 14 2025 16:12:48 [TRAD-COUPLES-MATCHING] info: [34mA user connected[39m
Tue Jan 14 2025 16:12:48 [TRAD-COUPLES-MATCHING] info: [34mA user connected[39m
Tue Jan 14 2025 16:12:48 [TRAD-COUPLES-MATCHING] info: [34mA user connected[39m
Tue Jan 14 2025 16:12:48 [TRAD-COUPLES-MATCHING] info: [34mA user connected[39m
Tue Jan 14 2025 16:12:48 [TRAD-COUPLES-MATCHING] info: [34mA user connected[39m
Tue Jan 14 2025 16:12:49 [TRAD-COUPLES-MATCHING] info: [34mA user connected[39m
Tue Jan 14 2025 16:12:49 [TRAD-COUPLES-MATCHING] info: [34mA user connected[39m
Tue Jan 14 2025 16:12:49 [TRAD-COUPLES-MATCHING] info: [34mA user connected[39m
Tue Jan 14 2025 16:12:49 [TRAD-COUPLES-MATCHING] info: [34mA user connected[39m
Tue Jan 14 2025 16:12:49 [TRAD-COUPLES-MATCHING] info: [34mA user connected[39m
Tue Jan 14 2025 16:12:49 [TRAD-COUPLES-MATCHING] info: [34mA user connected[39m
Tue Jan 14 2025 16:12:49 [TRAD-COUPLES-MATCHING] info: [34mA user connected[39m
Tue Jan 14 2025 16:14:6 [TRAD-COUPLES-MATCHING] info: [32m🚀 Database connected successfully[39m
Tue Jan 14 2025 16:14:6 [TRAD-COUPLES-MATCHING] info: [33m♻️  Application listening on port:5000[39m
Tue Jan 14 2025 16:14:6 [TRAD-COUPLES-MATCHING] info: 🎀 Package Already created successfully
Tue Jan 14 2025 16:14:6 [TRAD-COUPLES-MATCHING] info: [34mA user connected[39m
Tue Jan 14 2025 16:14:6 [TRAD-COUPLES-MATCHING] info: [34mA user connected[39m
Tue Jan 14 2025 16:14:6 [TRAD-COUPLES-MATCHING] info: [34mA user connected[39m
Tue Jan 14 2025 16:14:6 [TRAD-COUPLES-MATCHING] info: [34mA user connected[39m
Tue Jan 14 2025 16:14:6 [TRAD-COUPLES-MATCHING] info: [34mA user connected[39m
Tue Jan 14 2025 16:14:6 [TRAD-COUPLES-MATCHING] info: [34mA user connected[39m
Tue Jan 14 2025 16:14:6 [TRAD-COUPLES-MATCHING] info: [34mA user connected[39m
Tue Jan 14 2025 16:14:6 [TRAD-COUPLES-MATCHING] info: [34mA user connected[39m
Tue Jan 14 2025 16:14:6 [TRAD-COUPLES-MATCHING] info: [34mA user connected[39m
Tue Jan 14 2025 16:14:6 [TRAD-COUPLES-MATCHING] info: [34mA user connected[39m
Tue Jan 14 2025 16:14:6 [TRAD-COUPLES-MATCHING] info: [34mA user connected[39m
Tue Jan 14 2025 16:14:6 [TRAD-COUPLES-MATCHING] info: [34mA user connected[39m
Tue Jan 14 2025 16:14:6 [TRAD-COUPLES-MATCHING] info: [34mA user connected[39m
Tue Jan 14 2025 16:14:6 [TRAD-COUPLES-MATCHING] info: [34mA user connected[39m
Tue Jan 14 2025 16:14:6 [TRAD-COUPLES-MATCHING] info: [34mA user connected[39m
Tue Jan 14 2025 16:14:6 [TRAD-COUPLES-MATCHING] info: [34mA user connected[39m
Tue Jan 14 2025 16:14:6 [TRAD-COUPLES-MATCHING] info: [34mA user connected[39m
Tue Jan 14 2025 16:14:6 [TRAD-COUPLES-MATCHING] info: [34mA user connected[39m
Tue Jan 14 2025 16:14:6 [TRAD-COUPLES-MATCHING] info: [34mA user connected[39m
Tue Jan 14 2025 16:14:6 [TRAD-COUPLES-MATCHING] info: [34mA user connected[39m
Tue Jan 14 2025 16:14:6 [TRAD-COUPLES-MATCHING] info: [34mA user connected[39m
Tue Jan 14 2025 16:14:6 [TRAD-COUPLES-MATCHING] info: [34mA user connected[39m
Tue Jan 14 2025 16:14:6 [TRAD-COUPLES-MATCHING] info: [34mA user connected[39m
Tue Jan 14 2025 16:14:6 [TRAD-COUPLES-MATCHING] info: [34mA user connected[39m
Tue Jan 14 2025 16:14:6 [TRAD-COUPLES-MATCHING] info: [34mA user connected[39m
Tue Jan 14 2025 16:14:7 [TRAD-COUPLES-MATCHING] info: [34mA user connected[39m
Tue Jan 14 2025 16:14:7 [TRAD-COUPLES-MATCHING] info: [34mA user connected[39m
Tue Jan 14 2025 16:14:7 [TRAD-COUPLES-MATCHING] info: [34mA user connected[39m
Tue Jan 14 2025 16:17:0 [TRAD-COUPLES-MATCHING] info: 115.127.157.41 - OPTIONS /api/v1/user/sign-up 204 - 1.185 ms
Tue Jan 14 2025 16:17:0 [TRAD-COUPLES-MATCHING] info: 115.127.157.41 - POST /api/v1/user/sign-up 200 - 310.024 ms
Tue Jan 14 2025 16:17:3 [TRAD-COUPLES-MATCHING] info: Mail send successfully
Tue Jan 14 2025 16:18:8 [TRAD-COUPLES-MATCHING] info: 115.127.157.41 - OPTIONS /api/v1/auth/verify-email 204 - 0.142 ms
Tue Jan 14 2025 16:18:8 [TRAD-COUPLES-MATCHING] info: 115.127.157.41 - POST /api/v1/auth/verify-email 200 - 23.811 ms
Tue Jan 14 2025 16:20:39 [TRAD-COUPLES-MATCHING] info: 115.127.157.41 - OPTIONS /api/v1/user/sign-up 204 - 0.121 ms
Tue Jan 14 2025 16:20:39 [TRAD-COUPLES-MATCHING] info: 115.127.157.41 - POST /api/v1/user/sign-up 200 - 257.293 ms
Tue Jan 14 2025 16:20:42 [TRAD-COUPLES-MATCHING] info: Mail send successfully
Tue Jan 14 2025 16:21:3 [TRAD-COUPLES-MATCHING] info: 115.127.157.41 - OPTIONS /api/v1/auth/verify-email 204 - 0.142 ms
Tue Jan 14 2025 16:21:3 [TRAD-COUPLES-MATCHING] info: 115.127.157.41 - POST /api/v1/auth/verify-email 200 - 22.772 ms
Tue Jan 14 2025 16:38:37 [TRAD-COUPLES-MATCHING] info: [31mA user disconnect[39m
Tue Jan 14 2025 16:38:37 [TRAD-COUPLES-MATCHING] info: [31mA user disconnect[39m
Tue Jan 14 2025 16:39:1 [TRAD-COUPLES-MATCHING] info: [31mA user disconnect[39m
Tue Jan 14 2025 16:39:1 [TRAD-COUPLES-MATCHING] info: [31mA user disconnect[39m
Tue Jan 14 2025 16:39:1 [TRAD-COUPLES-MATCHING] info: [31mA user disconnect[39m
Tue Jan 14 2025 16:39:1 [TRAD-COUPLES-MATCHING] info: [31mA user disconnect[39m
Tue Jan 14 2025 16:39:1 [TRAD-COUPLES-MATCHING] info: [31mA user disconnect[39m
Tue Jan 14 2025 16:39:1 [TRAD-COUPLES-MATCHING] info: [31mA user disconnect[39m
Tue Jan 14 2025 16:39:1 [TRAD-COUPLES-MATCHING] info: [31mA user disconnect[39m
Tue Jan 14 2025 16:39:1 [TRAD-COUPLES-MATCHING] info: [31mA user disconnect[39m
Tue Jan 14 2025 16:39:1 [TRAD-COUPLES-MATCHING] info: [31mA user disconnect[39m
Tue Jan 14 2025 16:39:1 [TRAD-COUPLES-MATCHING] info: [31mA user disconnect[39m
Tue Jan 14 2025 16:39:1 [TRAD-COUPLES-MATCHING] info: [31mA user disconnect[39m
Tue Jan 14 2025 16:39:1 [TRAD-COUPLES-MATCHING] info: [31mA user disconnect[39m
Tue Jan 14 2025 16:39:1 [TRAD-COUPLES-MATCHING] info: [31mA user disconnect[39m
Tue Jan 14 2025 16:39:1 [TRAD-COUPLES-MATCHING] info: [31mA user disconnect[39m
Tue Jan 14 2025 16:39:1 [TRAD-COUPLES-MATCHING] info: [31mA user disconnect[39m
Tue Jan 14 2025 16:39:1 [TRAD-COUPLES-MATCHING] info: [31mA user disconnect[39m
Tue Jan 14 2025 16:39:1 [TRAD-COUPLES-MATCHING] info: [31mA user disconnect[39m
Tue Jan 14 2025 16:39:1 [TRAD-COUPLES-MATCHING] info: [31mA user disconnect[39m
Tue Jan 14 2025 16:39:1 [TRAD-COUPLES-MATCHING] info: [31mA user disconnect[39m
Tue Jan 14 2025 16:39:1 [TRAD-COUPLES-MATCHING] info: [31mA user disconnect[39m
Tue Jan 14 2025 16:39:1 [TRAD-COUPLES-MATCHING] info: [31mA user disconnect[39m
Tue Jan 14 2025 16:39:1 [TRAD-COUPLES-MATCHING] info: [31mA user disconnect[39m
Tue Jan 14 2025 16:39:1 [TRAD-COUPLES-MATCHING] info: [31mA user disconnect[39m
Tue Jan 14 2025 16:39:1 [TRAD-COUPLES-MATCHING] info: [31mA user disconnect[39m
Tue Jan 14 2025 16:39:1 [TRAD-COUPLES-MATCHING] info: [31mA user disconnect[39m
Tue Jan 14 2025 16:39:1 [TRAD-COUPLES-MATCHING] info: [31mA user disconnect[39m
Tue Jan 14 2025 16:50:54 [TRAD-COUPLES-MATCHING] info: [34mA user connected[39m
Tue Jan 14 2025 16:50:55 [TRAD-COUPLES-MATCHING] info: [34mA user connected[39m
Tue Jan 14 2025 16:50:55 [TRAD-COUPLES-MATCHING] info: [34mA user connected[39m
Tue Jan 14 2025 16:50:55 [TRAD-COUPLES-MATCHING] info: [34mA user connected[39m
Tue Jan 14 2025 16:50:55 [TRAD-COUPLES-MATCHING] info: [34mA user connected[39m
Tue Jan 14 2025 16:50:55 [TRAD-COUPLES-MATCHING] info: [34mA user connected[39m
Tue Jan 14 2025 16:50:56 [TRAD-COUPLES-MATCHING] info: [34mA user connected[39m
Tue Jan 14 2025 16:50:56 [TRAD-COUPLES-MATCHING] info: [34mA user connected[39m
Tue Jan 14 2025 16:50:56 [TRAD-COUPLES-MATCHING] info: [34mA user connected[39m
Tue Jan 14 2025 16:50:56 [TRAD-COUPLES-MATCHING] info: [34mA user connected[39m
Tue Jan 14 2025 16:50:57 [TRAD-COUPLES-MATCHING] info: [34mA user connected[39m
Tue Jan 14 2025 16:50:57 [TRAD-COUPLES-MATCHING] info: [34mA user connected[39m
Tue Jan 14 2025 16:50:57 [TRAD-COUPLES-MATCHING] info: [34mA user connected[39m
Tue Jan 14 2025 16:50:57 [TRAD-COUPLES-MATCHING] info: [34mA user connected[39m
Tue Jan 14 2025 16:50:57 [TRAD-COUPLES-MATCHING] info: [34mA user connected[39m
Tue Jan 14 2025 16:50:58 [TRAD-COUPLES-MATCHING] info: [34mA user connected[39m
Tue Jan 14 2025 16:50:58 [TRAD-COUPLES-MATCHING] info: [34mA user connected[39m
Tue Jan 14 2025 16:50:58 [TRAD-COUPLES-MATCHING] info: [34mA user connected[39m
Tue Jan 14 2025 16:50:58 [TRAD-COUPLES-MATCHING] info: [34mA user connected[39m
Tue Jan 14 2025 16:50:58 [TRAD-COUPLES-MATCHING] info: [34mA user connected[39m
Tue Jan 14 2025 16:50:58 [TRAD-COUPLES-MATCHING] info: [34mA user connected[39m
Tue Jan 14 2025 16:50:58 [TRAD-COUPLES-MATCHING] info: [34mA user connected[39m
Tue Jan 14 2025 16:50:59 [TRAD-COUPLES-MATCHING] info: [34mA user connected[39m
Tue Jan 14 2025 16:50:59 [TRAD-COUPLES-MATCHING] info: [34mA user connected[39m
Tue Jan 14 2025 16:50:59 [TRAD-COUPLES-MATCHING] info: [34mA user connected[39m
Tue Jan 14 2025 16:50:59 [TRAD-COUPLES-MATCHING] info: [34mA user connected[39m
Tue Jan 14 2025 16:50:59 [TRAD-COUPLES-MATCHING] info: [34mA user connected[39m
Tue Jan 14 2025 16:50:59 [TRAD-COUPLES-MATCHING] info: [34mA user connected[39m
